Arguments: 
  C:\Program Files\nodejs\node.exe C:\Users\DEV-PACKS\AppData\Roaming\npm\node_modules\yarn\bin\yarn.js add sweetalert2

PATH: 
  C:\Program Files\PowerShell\7;C:\Python310\Scripts\;C:\Python310\;C:\Program Files (x86)\Common Files\Oracle\Java\javapath;C:\WINDOWS\system32;C:\WINDOWS;C:\WINDOWS\System32\Wbem;C:\WINDOWS\System32\WindowsPowerShell\v1.0\;C:\WINDOWS\System32\OpenSSH\;C:\ProgramData\chocolatey\bin;C:\xampp\php;C:\ProgramData\ComposerSetup\bin;C:\Users\DEV-PACKS\Desktop\apktool;C:\Program Files (x86)\Google\Cloud SDK\google-cloud-sdk\bin;C:\Program Files\GitHub CLI;C:\Program Files\PowerShell\7\;C:\Program Files (x86)\Windows Kits\10\Windows Performance Toolkit\;C:\Program Files\nodejs\;C:\Program Files\Git\cmd;C:\Program Files\GitHub CLI\;C:\Python\Python311\Scripts\;C:\Python\Python311\;C:\Users\DEV-PACKS\AppData\Local\Microsoft\WindowsApps;C:\tools\flutter\bin;C:\Program Files\Java\jdk1.8.0_333\bin;C:\Program Files\Java\jre1.8.0_333\bin;C:\tools\cmdline-tools\bin;C:\Program Files\Git\bin;C:\Users\DEV-PACKS\AppData\Local\Programs\Microsoft VS Code\bin;C:\Users\DEV-PACKS\AppData\Local\Pub\Cache\bin;C:\Users\DEV-PACKS\AppData\Roaming\Composer\vendor\bin;C:\ProgramData\ComposerSetup\bin;C:\Users\DEV-PACKS\AppData\Local\Google\Cloud SDK\google-cloud-sdk\bin;C:\Program Files (x86)\Google\Cloud SDK\google-cloud-sdk\bin;C:\Users\DEV-PACKS\AppData\Roaming\npm

Yarn version: 
  1.22.19

Node version: 
  18.16.0

Platform: 
  win32 x64

Trace: 
  Error: EPERM: operation not permitted, unlink 'C:\Users\DEV-PACKS\Desktop\React Apps\Gestions-Taxis\backend\node_modules\bcrypt\lib\binding\napi-v3\bcrypt_lib.node'

npm manifest: 
  {
    "name": "backend",
    "version": "1.0.0",
    "description": "",
    "main": "index.js",
    "type": "module",
    "scripts": {
      "test": "echo \"Error: no test specified\" && exit 1",
      "start": "node index.jsx",
      "server": "nodemon index.js",
      "client": "cd ../rmci-gestion && npm start",
      "dev": "concurrently \"npm run server\" \"npm run client\""
    },
    "author": "",
    "license": "ISC",
    "dependencies": {
      "axios": "^1.4.0",
      "bcrypt": "^5.1.0",
      "body-parser": "^1.20.2",
      "concurrently": "^8.2.0",
      "cookie-parser": "^1.4.6",
      "cors": "^2.8.5",
      "date-fns": "^2.30.0",
      "dotenv": "^16.3.1",
      "express": "^4.18.2",
      "express-session": "^1.17.3",
      "fs": "^0.0.1-security",
      "http": "^0.0.1-security",
      "ip": "^1.1.8",
      "jsonwebtoken": "^9.0.0",
      "multer": "^1.4.5-lts.1",
      "mysql": "^2.18.1",
      "nodemailer": "^6.9.3",
      "uuid": "^9.0.0"
    }
  }

yarn manifest: 
  No manifest

Lockfile: 
  No lockfile
